<?xml version="1.0" encoding="UTF-8"?>
<!-- Generated by org.testng.reporters.JUnitReportReporter -->
<testsuite ignored="0" hostname="DESKTOP-U2FP8VP" failures="0" tests="3" name="sample.demo1.test" time="15.856" errors="0" timestamp="04 Sep 2023 14:43:27 GMT" skipped="0">
  <testcase classname="sample.demo1.test" name="test2" time="5.688"/>
  <testcase classname="sample.demo1.test" name="test1" time="5.901"/>
  <testcase classname="sample.demo1.test" name="test3" time="4.267"/>
</testsuite> <!-- sample.demo1.test -->
